[14:10:19.956] [INFO] Storybook Upgrade - v9.1.5
[14:10:19.971] [INFO] detect-projects-spinner-start: Detecting projects...
[14:10:19.973] [DEBUG] Finding Storybook projects...
[14:10:20.021] [DEBUG] Found 1 Storybook projects
[14:10:20.022] [INFO] detect-projects-spinner: Detecting projects: 1 projects
[14:10:20.022] [DEBUG] Getting Storybook data...
[14:10:20.022] [DEBUG] Getting Storybook info...
[14:10:20.023] [DEBUG] Loading main config...
[14:10:20.267] [DEBUG] Getting stories paths...
[14:10:20.285] [DEBUG] Getting package manager...
[14:10:20.362] [DEBUG] Getting Storybook version...
[14:10:20.362] [DEBUG] /.storybook - Validating before version... 8.6.14
[14:10:20.363] [DEBUG] /.storybook - Validating upgrade compatibility...
[14:10:20.363] [DEBUG] /.storybook - Fetching NPM version information...
[14:10:20.363] [DEBUG] Getting CLI versions from NPM for storybook...
[14:10:20.367] [DEBUG] Getting CLI versions from NPM for storybook@next...
[14:10:20.929] [DEBUG] /.storybook - Evaluating blockers...
[14:10:20.931] [DEBUG] Getting installed version for @storybook/experimental-addon-test...
[14:10:21.820] [DEBUG] An issue occurred while trying to find dependencies metadata using npm.
[14:10:21.820] [INFO] detect-projects-spinner-stop: 1 project detected
[14:10:21.821] [DEBUG] Found 1 valid projects and 0 error projects
[14:10:21.821] [INFO] Upgrading from 8.6.14 to 9.1.5
[14:10:21.827] [INFO] upgrade-dependencies-task-start: Fetching versions to update package.json files..
[14:10:21.828] [DEBUG] Updating dependencies in /.storybook...
[14:10:21.833] [INFO] upgrade-dependencies-task: /package.json
[14:10:21.834] [DEBUG] {
  "upgradedDependencies": []
}
[14:10:21.834] [DEBUG] {
  "upgradedDevDependencies": [
    "@storybook/addon-onboarding@^9.1.5",
    "@storybook/react@^9.1.5",
    "@storybook/react-vite@^9.1.5",
    "storybook@^9.1.5"
  ]
}
[14:10:21.834] [DEBUG] {
  "upgradedPeerDependencies": []
}
[14:10:21.834] [DEBUG] Getting CLI versions from NPM for @storybook/addon-onboarding...
[14:10:22.249] [DEBUG] Getting CLI versions from NPM for @storybook/react...
[14:10:22.677] [DEBUG] Getting CLI versions from NPM for @storybook/react-vite...
[14:10:23.049] [DEBUG] Using cached version for storybook...
[14:10:23.050] [INFO] upgrade-dependencies-task-success: Updated package versions in package.json files
[14:10:23.050] [INFO] detect-automigrations-task-start: Detecting automigrations...
[14:10:23.051] [DEBUG] Starting automigration collection across 1 projects and 15 fixes...
[14:10:23.056] [INFO] detect-automigrations-task: Checking automigrations for /.storybook...
[14:10:23.056] [DEBUG] Processing project: /.storybook
[14:10:23.056] [DEBUG] Checking fix eslintPlugin for project /.storybook...
[14:10:23.059] [DEBUG] Checking fix addon-mdx-gfm-remove for project /.storybook...
[14:10:23.059] [DEBUG] Checking fix addon-storysource-code-panel for project /.storybook...
[14:10:23.059] [DEBUG] Checking fix upgrade-storybook-related-dependencies for project /.storybook...
[14:10:23.060] [DEBUG] Checking for incompatible storybook packages...
[14:10:23.064] [DEBUG] Getting installed version for @storybook/addon-essentials...
[14:10:23.069] [DEBUG] Getting installed version for @storybook/blocks...
[14:10:23.071] [DEBUG] Using cached installed version for @storybook/experimental-addon-test...
[14:10:23.071] [DEBUG] Getting installed version for @storybook/test...
[14:10:23.073] [DEBUG] Getting CLI versions from NPM for @storybook/experimental-addon-test...
[14:10:24.140] [DEBUG] An issue occurred while trying to find dependencies metadata using npm.
[14:10:24.140] [DEBUG] Getting CLI versions from NPM for @storybook/addon-essentials...
[14:10:24.144] [DEBUG] An issue occurred while trying to find dependencies metadata using npm.
[14:10:24.144] [DEBUG] Getting CLI versions from NPM for @storybook/blocks...
[14:10:24.157] [DEBUG] An issue occurred while trying to find dependencies metadata using npm.
[14:10:24.157] [DEBUG] Getting CLI versions from NPM for @storybook/test...
[14:10:24.681] [DEBUG] Checking fix initial-globals for project /.storybook...
[14:10:24.700] [DEBUG] Checking fix addon-a11y-addon-test for project /.storybook...
[14:10:24.701] [DEBUG] Checking fix consolidated-imports for project /.storybook...
[14:10:24.701] [DEBUG] Checking fix addon-experimental-test for project /.storybook...
[14:10:24.701] [DEBUG] Using cached installed version for @storybook/experimental-addon-test...
[14:10:24.701] [DEBUG] Checking fix rnstorybook-config for project /.storybook...
[14:10:24.701] [DEBUG] Checking fix remove-addon-interactions for project /.storybook...
[14:10:24.702] [DEBUG] Checking fix renderer-to-framework for project /.storybook...
[14:10:24.702] [DEBUG] Checking fix remove-essential-addons for project /.storybook...
[14:10:24.702] [DEBUG] Checking fix addon-a11y-parameters for project /.storybook...
[14:10:24.702] [DEBUG] Checking fix remove-docs-autodocs for project /.storybook...
[14:10:24.710] [DEBUG] Checking fix wrap-require for project /.storybook...
[14:10:24.721] [INFO] detect-automigrations-task: 
Automigrations detected:
[14:10:24.733] [INFO] detect-automigrations-task: ✔ eslintPlugin
[14:10:24.740] [INFO] detect-automigrations-task: ✔ consolidated-imports
[14:10:24.745] [INFO] detect-automigrations-task: ✔ renderer-to-framework
[14:10:24.750] [INFO] detect-automigrations-task: ✔ remove-essential-addons
[14:10:24.750] [INFO] detect-automigrations-task-success: 4 automigration(s) detected
[14:10:49.151] [PROMPT] Select automigrations to run {"choice":["eslintPlugin","consolidated-imports","renderer-to-framework","remove-essential-addons"]}
[14:10:49.152] [INFO] automigrate-/.storybook-task-start: Running automigrations for /.storybook
[14:10:49.152] [DEBUG] Adding dependencies: eslint-plugin-storybook@9.1.5
[14:10:49.152] [DEBUG] Getting CLI versions from NPM for eslint-plugin-storybook...
[14:10:49.516] [DEBUG] Detected flat config at /home/jazzpirate/work/Software/FlexiFormal/ftml-ts/ftml-react/eslint.config.js
[14:10:49.547] [INFO] automigrate-/.storybook-task: ✔ eslintPlugin
[14:10:49.557] [INFO] automigrate-/.storybook-task: ✔ consolidated-imports
[14:10:49.558] [DEBUG] 
Migrating @storybook/react to @storybook/react-vite
[14:10:49.562] [DEBUG] Updating package.json files...
[14:10:49.573] [INFO] automigrate-/.storybook-task: ✔ renderer-to-framework
[14:10:49.578] [DEBUG] Uninstalling @storybook/addon-essentials
[14:10:49.579] [DEBUG] Removing '@storybook/addon-essentials' from main.js addons field.
[14:10:49.582] [DEBUG] Getting Storybook info...
[14:10:49.582] [DEBUG] Loading main config...
[14:10:49.590] [DEBUG] Getting stories paths...
[14:10:49.592] [DEBUG] Getting package manager...
[14:10:49.597] [DEBUG] Getting Storybook version...
[14:10:49.605] [INFO] automigrate-/.storybook-task: Verifying @storybook/addon-docs
[14:10:49.610] [INFO] automigrate-/.storybook-task: Installing @storybook/addon-docs@^9.1.5
[14:10:49.610] [DEBUG] Getting CLI versions from NPM for @storybook/addon-docs...
[14:10:50.049] [INFO] automigrate-/.storybook-task: Adding '@storybook/addon-docs' to the "addons" field in
/home/jazzpirate/work/Software/FlexiFormal/ftml-ts/ftml-react/.storybook/main.ts
[14:10:50.065] [INFO] automigrate-/.storybook-task: ✔ remove-essential-addons
[14:10:50.065] [INFO] automigrate-/.storybook-task-success: Completed automigrations for /.storybook
[14:10:50.065] [INFO] Installing dependencies...
[14:10:50.065] [INFO] install-dependencies-task-start: Installing dependencies...
[14:11:01.102] [INFO] added 168 packages, removed 77 packages, changed 25 packages, and audited 460 packages in 11s

105 packages are looking for funding
  run `npm fund` for details
[14:11:01.111] [INFO] install-dependencies-task: added 168 packages, removed 77 packages, changed 25 packages, and audited 460
packages in 11s

105 packages are looking for funding
run `npm fund` for details
[14:11:01.112] [INFO] found 0 vulnerabilities
[14:11:01.120] [INFO] install-dependencies-task: found 0 vulnerabilities
[14:11:01.144] [INFO] Dependencies installed
[14:11:01.144] [INFO] install-dependencies-task-success: Dependencies installed
[14:11:01.144] [INFO] Checking the health of your project(s)..
[14:11:02.738] [WARN] /.storybook: 1 issue found
[14:11:02.746] [INFO] You are currently using Storybook 9.1.5 but you have packages which are incompatible with it:

- @storybook/experimental-addon-test@8.6.14 which depends on 8.6.14
 Repo: https://github.com/storybookjs/storybook/tree/next/code/addons/test

Please consider updating your packages or contacting the maintainers for compatibility details.

For more on Storybook 9 compatibility, see the linked GitHub issue:
https://github.com/storybookjs/storybook/issues/30944
[14:11:02.746] [INFO] Incompatible Packages
[14:11:02.753] [INFO] You are currently using Storybook 9.1.5 but you have packages which are incompatible with it:

- @storybook/experimental-addon-test@8.6.14 which depends on 8.6.14
 Repo: https://github.com/storybookjs/storybook/tree/next/code/addons/test

Please consider updating your packages or contacting the maintainers for compatibility details.

For more on Storybook 9 compatibility, see the linked GitHub issue:
https://github.com/storybookjs/storybook/issues/30944
[14:11:02.762] [INFO] Storybook doctor is complete!
[14:11:02.771] [INFO] You can always recheck the health of your project(s) by running:
npx storybook doctor
[14:11:02.785] [INFO] The upgrade is complete!
[14:11:02.793] [INFO] Your project(s) have been upgraded successfully, but some issues were found which need your attention, please check Storybook doctor logs above.
[14:11:02.826] [INFO] If you want to learn more about the automigrations that executed in your project(s), please check the following links:

• eslintPlugin
• consolidated-imports
• renderer-to-framework
• remove-essential-addons
[14:11:02.835] [INFO] For a full list of changes, please check our migration guide: https://storybook.js.org/docs/migration-guide?ref=upgrade
[14:11:02.849] [INFO] Attention: Storybook now collects completely anonymous telemetry regarding usage. This information is used to shape Storybook's roadmap and prioritize features.
[14:11:02.859] [INFO] You can learn more, including how to opt-out if you'd not like to participate in this anonymous program, by visiting the following URL:
[14:11:02.868] [INFO] https://storybook.js.org/telemetry
[14:11:02.876] [INFO] 